mode: set
github.com/praetorian-inc/nebula/pkg/links/aws/s3/s3_bucket_secrets.go:69.62,81.2 3 0
github.com/praetorian-inc/nebula/pkg/links/aws/s3/s3_bucket_secrets.go:84.51,89.2 1 0
github.com/praetorian-inc/nebula/pkg/links/aws/s3/s3_bucket_secrets.go:92.49,94.52 1 0
github.com/praetorian-inc/nebula/pkg/links/aws/s3/s3_bucket_secrets.go:94.52,96.3 1 0
github.com/praetorian-inc/nebula/pkg/links/aws/s3/s3_bucket_secrets.go:99.2,99.69 1 0
github.com/praetorian-inc/nebula/pkg/links/aws/s3/s3_bucket_secrets.go:99.69,101.3 1 0
github.com/praetorian-inc/nebula/pkg/links/aws/s3/s3_bucket_secrets.go:101.8,103.3 1 0
github.com/praetorian-inc/nebula/pkg/links/aws/s3/s3_bucket_secrets.go:105.2,105.12 1 0
github.com/praetorian-inc/nebula/pkg/links/aws/s3/s3_bucket_secrets.go:111.121,115.16 2 0
github.com/praetorian-inc/nebula/pkg/links/aws/s3/s3_bucket_secrets.go:115.16,117.3 1 0
github.com/praetorian-inc/nebula/pkg/links/aws/s3/s3_bucket_secrets.go:120.2,120.35 1 0
github.com/praetorian-inc/nebula/pkg/links/aws/s3/s3_bucket_secrets.go:120.35,122.3 1 0
github.com/praetorian-inc/nebula/pkg/links/aws/s3/s3_bucket_secrets.go:124.2,124.45 1 0
github.com/praetorian-inc/nebula/pkg/links/aws/s3/s3_bucket_secrets.go:128.95,129.44 1 0
github.com/praetorian-inc/nebula/pkg/links/aws/s3/s3_bucket_secrets.go:129.44,132.3 2 0
github.com/praetorian-inc/nebula/pkg/links/aws/s3/s3_bucket_secrets.go:135.2,136.22 2 0
github.com/praetorian-inc/nebula/pkg/links/aws/s3/s3_bucket_secrets.go:136.22,138.3 1 0
github.com/praetorian-inc/nebula/pkg/links/aws/s3/s3_bucket_secrets.go:140.2,145.25 3 0
github.com/praetorian-inc/nebula/pkg/links/aws/s3/s3_bucket_secrets.go:145.25,147.3 1 0
github.com/praetorian-inc/nebula/pkg/links/aws/s3/s3_bucket_secrets.go:149.2,150.16 2 0
github.com/praetorian-inc/nebula/pkg/links/aws/s3/s3_bucket_secrets.go:150.16,152.3 1 0
github.com/praetorian-inc/nebula/pkg/links/aws/s3/s3_bucket_secrets.go:154.2,158.16 3 0
github.com/praetorian-inc/nebula/pkg/links/aws/s3/s3_bucket_secrets.go:158.16,160.3 1 0
github.com/praetorian-inc/nebula/pkg/links/aws/s3/s3_bucket_secrets.go:162.2,168.35 2 0
github.com/praetorian-inc/nebula/pkg/links/aws/s3/s3_bucket_secrets.go:168.35,170.17 2 0
github.com/praetorian-inc/nebula/pkg/links/aws/s3/s3_bucket_secrets.go:170.17,172.4 1 0
github.com/praetorian-inc/nebula/pkg/links/aws/s3/s3_bucket_secrets.go:173.3,173.39 1 0
github.com/praetorian-inc/nebula/pkg/links/aws/s3/s3_bucket_secrets.go:177.2,194.31 5 0
github.com/praetorian-inc/nebula/pkg/links/aws/s3/s3_bucket_secrets.go:194.31,196.17 2 0
github.com/praetorian-inc/nebula/pkg/links/aws/s3/s3_bucket_secrets.go:196.17,198.4 1 0
github.com/praetorian-inc/nebula/pkg/links/aws/s3/s3_bucket_secrets.go:201.3,201.37 1 0
github.com/praetorian-inc/nebula/pkg/links/aws/s3/s3_bucket_secrets.go:201.37,203.18 2 0
github.com/praetorian-inc/nebula/pkg/links/aws/s3/s3_bucket_secrets.go:203.18,206.13 3 0
github.com/praetorian-inc/nebula/pkg/links/aws/s3/s3_bucket_secrets.go:209.4,209.15 1 0
github.com/praetorian-inc/nebula/pkg/links/aws/s3/s3_bucket_secrets.go:209.15,211.5 1 0
github.com/praetorian-inc/nebula/pkg/links/aws/s3/s3_bucket_secrets.go:211.10,213.5 1 0
github.com/praetorian-inc/nebula/pkg/links/aws/s3/s3_bucket_secrets.go:216.4,217.53 2 0
github.com/praetorian-inc/nebula/pkg/links/aws/s3/s3_bucket_secrets.go:217.53,223.5 1 0
github.com/praetorian-inc/nebula/pkg/links/aws/s3/s3_bucket_secrets.go:228.2,230.24 3 0
github.com/praetorian-inc/nebula/pkg/links/aws/s3/s3_bucket_secrets.go:230.24,232.3 1 0
github.com/praetorian-inc/nebula/pkg/links/aws/s3/s3_bucket_secrets.go:234.2,242.12 2 0
github.com/praetorian-inc/nebula/pkg/links/aws/s3/s3_bucket_secrets.go:251.17,253.30 1 0
github.com/praetorian-inc/nebula/pkg/links/aws/s3/s3_bucket_secrets.go:253.30,255.3 1 0
github.com/praetorian-inc/nebula/pkg/links/aws/s3/s3_bucket_secrets.go:258.2,258.48 1 0
github.com/praetorian-inc/nebula/pkg/links/aws/s3/s3_bucket_secrets.go:258.48,259.21 1 0
github.com/praetorian-inc/nebula/pkg/links/aws/s3/s3_bucket_secrets.go:259.21,261.4 1 0
github.com/praetorian-inc/nebula/pkg/links/aws/s3/s3_bucket_secrets.go:262.3,262.20 1 0
github.com/praetorian-inc/nebula/pkg/links/aws/s3/s3_bucket_secrets.go:266.2,267.16 2 0
github.com/praetorian-inc/nebula/pkg/links/aws/s3/s3_bucket_secrets.go:267.16,269.3 1 0
github.com/praetorian-inc/nebula/pkg/links/aws/s3/s3_bucket_secrets.go:272.2,272.76 1 0
github.com/praetorian-inc/nebula/pkg/links/aws/s3/s3_bucket_secrets.go:272.76,274.3 1 0
github.com/praetorian-inc/nebula/pkg/links/aws/s3/s3_bucket_secrets.go:276.2,276.18 1 0
github.com/praetorian-inc/nebula/pkg/links/aws/s3/s3_bucket_secrets.go:280.46,304.43 3 1
github.com/praetorian-inc/nebula/pkg/links/aws/s3/s3_bucket_secrets.go:304.43,305.42 1 1
github.com/praetorian-inc/nebula/pkg/links/aws/s3/s3_bucket_secrets.go:305.42,307.4 1 1
github.com/praetorian-inc/nebula/pkg/links/aws/s3/s3_bucket_secrets.go:310.2,310.14 1 1
github.com/praetorian-inc/nebula/pkg/links/aws/s3/s3_bucket_secrets.go:314.50,351.47 3 1
github.com/praetorian-inc/nebula/pkg/links/aws/s3/s3_bucket_secrets.go:351.47,352.42 1 1
github.com/praetorian-inc/nebula/pkg/links/aws/s3/s3_bucket_secrets.go:352.42,354.4 1 1
github.com/praetorian-inc/nebula/pkg/links/aws/s3/s3_bucket_secrets.go:357.2,357.14 1 1
github.com/praetorian-inc/nebula/pkg/links/aws/s3/s3_bucket_secrets.go:361.72,362.20 1 1
github.com/praetorian-inc/nebula/pkg/links/aws/s3/s3_bucket_secrets.go:362.20,364.3 1 0
github.com/praetorian-inc/nebula/pkg/links/aws/s3/s3_bucket_secrets.go:366.2,369.33 2 1
github.com/praetorian-inc/nebula/pkg/links/aws/s3/s3_bucket_secrets.go:369.33,374.3 2 1
github.com/praetorian-inc/nebula/pkg/links/aws/s3/s3_bucket_secrets.go:377.2,377.63 1 1
github.com/praetorian-inc/nebula/pkg/links/aws/s3/s3_bucket_secrets.go:377.63,378.38 1 1
github.com/praetorian-inc/nebula/pkg/links/aws/s3/s3_bucket_secrets.go:378.38,380.61 1 1
github.com/praetorian-inc/nebula/pkg/links/aws/s3/s3_bucket_secrets.go:380.61,386.5 2 1
github.com/praetorian-inc/nebula/pkg/links/aws/s3/s3_bucket_secrets.go:388.4,388.41 1 1
github.com/praetorian-inc/nebula/pkg/links/aws/s3/s3_bucket_secrets.go:388.41,390.5 1 1
github.com/praetorian-inc/nebula/pkg/links/aws/s3/s3_bucket_secrets.go:392.4,395.15 2 1
github.com/praetorian-inc/nebula/pkg/links/aws/s3/s3_bucket_secrets.go:400.2,400.68 1 1
github.com/praetorian-inc/nebula/pkg/links/aws/s3/s3_bucket_secrets.go:400.68,405.3 2 1
github.com/praetorian-inc/nebula/pkg/links/aws/s3/s3_bucket_secrets.go:408.2,408.32 1 1
github.com/praetorian-inc/nebula/pkg/links/aws/s3/s3_bucket_secrets.go:408.32,410.22 1 1
github.com/praetorian-inc/nebula/pkg/links/aws/s3/s3_bucket_secrets.go:410.22,413.4 2 0
github.com/praetorian-inc/nebula/pkg/links/aws/s3/s3_bucket_secrets.go:414.3,414.41 1 1
github.com/praetorian-inc/nebula/pkg/links/aws/s3/s3_bucket_secrets.go:414.41,417.4 2 1
github.com/praetorian-inc/nebula/pkg/links/aws/s3/s3_bucket_secrets.go:418.3,418.21 1 1
github.com/praetorian-inc/nebula/pkg/links/aws/s3/s3_bucket_secrets.go:418.21,421.4 2 1
github.com/praetorian-inc/nebula/pkg/links/aws/s3/s3_bucket_secrets.go:424.3,424.53 1 1
github.com/praetorian-inc/nebula/pkg/links/aws/s3/s3_bucket_secrets.go:424.53,425.55 1 1
github.com/praetorian-inc/nebula/pkg/links/aws/s3/s3_bucket_secrets.go:425.55,428.5 2 1
github.com/praetorian-inc/nebula/pkg/links/aws/s3/s3_bucket_secrets.go:432.3,433.51 2 1
github.com/praetorian-inc/nebula/pkg/links/aws/s3/s3_bucket_secrets.go:433.51,434.22 1 1
github.com/praetorian-inc/nebula/pkg/links/aws/s3/s3_bucket_secrets.go:434.22,437.5 2 1
github.com/praetorian-inc/nebula/pkg/links/aws/s3/s3_bucket_secrets.go:441.3,441.52 1 1
github.com/praetorian-inc/nebula/pkg/links/aws/s3/s3_bucket_secrets.go:441.52,442.43 1 1
github.com/praetorian-inc/nebula/pkg/links/aws/s3/s3_bucket_secrets.go:442.43,445.5 2 1
github.com/praetorian-inc/nebula/pkg/links/aws/s3/s3_bucket_secrets.go:449.3,449.39 1 1
github.com/praetorian-inc/nebula/pkg/links/aws/s3/s3_bucket_secrets.go:449.39,452.4 2 0
github.com/praetorian-inc/nebula/pkg/links/aws/s3/s3_bucket_secrets.go:454.3,454.14 1 1
github.com/praetorian-inc/nebula/pkg/links/aws/s3/s3_bucket_secrets.go:457.2,457.14 1 0
github.com/praetorian-inc/nebula/pkg/links/aws/s3/s3_bucket_secrets.go:460.125,461.20 1 0
github.com/praetorian-inc/nebula/pkg/links/aws/s3/s3_bucket_secrets.go:461.20,463.3 1 0
github.com/praetorian-inc/nebula/pkg/links/aws/s3/s3_bucket_secrets.go:466.2,471.16 2 0
github.com/praetorian-inc/nebula/pkg/links/aws/s3/s3_bucket_secrets.go:471.16,474.3 2 0
github.com/praetorian-inc/nebula/pkg/links/aws/s3/s3_bucket_secrets.go:475.2,479.12 4 0
github.com/praetorian-inc/nebula/pkg/links/aws/s3/s3_bucket_secrets.go:479.12,481.3 1 0
github.com/praetorian-inc/nebula/pkg/links/aws/s3/s3_bucket_secrets.go:483.2,483.33 1 0
github.com/praetorian-inc/nebula/pkg/links/aws/s3/s3_bucket_secrets.go:486.136,487.20 1 0
github.com/praetorian-inc/nebula/pkg/links/aws/s3/s3_bucket_secrets.go:487.20,489.3 1 0
github.com/praetorian-inc/nebula/pkg/links/aws/s3/s3_bucket_secrets.go:491.2,495.16 2 0
github.com/praetorian-inc/nebula/pkg/links/aws/s3/s3_bucket_secrets.go:495.16,497.3 1 0
github.com/praetorian-inc/nebula/pkg/links/aws/s3/s3_bucket_secrets.go:498.2,500.30 2 0
github.com/praetorian-inc/nebula/pkg/links/aws/s3/s3_bucket_secrets.go:508.9,509.20 1 0
github.com/praetorian-inc/nebula/pkg/links/aws/s3/s3_bucket_secrets.go:509.20,511.3 1 0
github.com/praetorian-inc/nebula/pkg/links/aws/s3/s3_bucket_secrets.go:514.2,515.27 2 0
github.com/praetorian-inc/nebula/pkg/links/aws/s3/s3_bucket_secrets.go:515.27,528.3 1 0
github.com/praetorian-inc/nebula/pkg/links/aws/s3/s3_bucket_secrets.go:528.8,541.3 1 0
github.com/praetorian-inc/nebula/pkg/links/aws/s3/s3_bucket_secrets.go:543.2,543.24 1 0
github.com/praetorian-inc/nebula/pkg/links/aws/s3/s3_bucket_secrets.go:547.39,549.27 1 1
github.com/praetorian-inc/nebula/pkg/links/aws/s3/s3_bucket_secrets.go:549.27,550.16 1 1
github.com/praetorian-inc/nebula/pkg/links/aws/s3/s3_bucket_secrets.go:550.16,552.4 1 1
github.com/praetorian-inc/nebula/pkg/links/aws/s3/s3_bucket_secrets.go:556.2,566.37 2 1
github.com/praetorian-inc/nebula/pkg/links/aws/s3/s3_bucket_secrets.go:566.37,567.66 1 1
github.com/praetorian-inc/nebula/pkg/links/aws/s3/s3_bucket_secrets.go:567.66,569.4 1 1
github.com/praetorian-inc/nebula/pkg/links/aws/s3/s3_bucket_secrets.go:572.2,572.14 1 1
